App 3870076 output: running on port 3000
App 3870485 output: running on port 3000
App 3870630 output: running on port 3000
App 3870630 output: comfy
App 3870630 output: comfy
App 4050312 output: running on port 3000
App 4050312 output: comfy
App 4050312 output: comfy
App 140162 output: running on port 3000
App 144273 output: running on port 3000
App 151805 output: running on port 3000
App 151805 output: comfy
App 2631963 output: running on port 3000
App 3221224 output: running on port 3000
App 3221224 output: vug/csc/17/2031
App 3221224 output: vug/csc/17/2031
App 3221224 output: vug/csc/17/2031
App 3221224 output: comfy
App 3221224 output: comfy
App 3221224 output: comfy
App 3221224 output: comfy
App 3221224 output: comfy
App 3221224 output: comfy
App 3221224 output: ReferenceError: /home/vunanaco/Polls/views/voted.ejs:14
App 3221224 output:     12| <div class="container">
App 3221224 output:     13| <h1>You Voted Already</h1>
App 3221224 output:  >> 14| <br> <button onclick="goback()" class="btn btn-info"> Go Back</button>  <span> <a class="btn btn-success"  href="https://api.whatsapp.com/send?text=Vote%20For%20Me%20For%20The%20Position%20of%20<%=data.title%>%20%0A%0ANacoss%20Election%202020%0A%40%20https://www.vunanacoss.com/vote/<%= data._id %>/">Share On Whatsapp</a></span>
App 3221224 output:     15| </div>
App 3221224 output:     16| <script>
App 3221224 output:     17| 	const goback = () => {
App 3221224 output: data is not defined
App 3221224 output:     at eval (/home/vunanaco/Polls/views/voted.ejs:41:25)
App 3221224 output:     at voted (/home/vunanaco/nodevenv/Polls/12/lib/node_modules/ejs/lib/ejs.js:682:17)
App 3221224 output:     at tryHandleCache (/home/vunanaco/nodevenv/Polls/12/lib/node_modules/ejs/lib/ejs.js:254:36)
App 3221224 output:     at View.exports.renderFile [as engine] (/home/vunanaco/nodevenv/Polls/12/lib/node_modules/ejs/lib/ejs.js:485:10)
App 3221224 output:     at View.render (/home/vunanaco/nodevenv/Polls/12/lib/node_modules/express/lib/view.js:135:8)
App 3221224 output:     at tryRender (/home/vunanaco/nodevenv/Polls/12/lib/node_modules/express/lib/application.js:640:10)
App 3221224 output:     at Function.render (/home/vunanaco/nodevenv/Polls/12/lib/node_modules/express/lib/application.js:592:3)
App 3221224 output:     at ServerResponse.render (/home/vunanaco/nodevenv/Polls/12/lib/node_modules/express/lib/response.js:1012:7)
App 3221224 output:     at /home/vunanaco/Polls/middleware/voteChecker.js:22:17
App 3221224 output:     at newArguments.<computed> (/home/vunanaco/nodevenv/Polls/12/lib/node_modules/nedb/lib/executor.js:29:17)
App 3270852 output: running on port 3000
App 3270852 output: comfy
App 3270852 output: comfy
App 171985 output: running on port 3000
App 171985 output: comfy
App 236119 output: running on port 3000
App 236119 output: vug/csc/17/2031
App 463978 output: running on port 3000
App 463978 output: comfy
App 463978 output: vug/csc/18/2520
App 463978 output: vug/csc/18/2520
App 463978 output: vug/csc/18/2605
App 463978 output: vug/csc/18/2605
App 463978 output: vug/csc/18/2605
App 463978 output: vug/csc/18/2815
App 463978 output: vug/csc/18/2815
App 463978 output: vug/csc/18/2815
App 463978 output: vug/csc/18/2815
App 463978 output: vug/csc/18/2815
App 463978 output: vug/csc/19/3378
App 463978 output: vug/csc/19/3378
App 463978 output: vug/csc/18/2815
App 463978 output: vug/csc/18/2815
App 463978 output: vug/csc/18/2815
App 614927 output: running on port 3000
App 624564 output: running on port 3000
App 628911 output: running on port 3000
App 628911 output: vug/csc/18/2548
App 628911 output: vug/csc/18/2548
App 715495 output: running on port 3000
App 715495 output: comfy
App 719717 output: running on port 3000
App 719717 output: use009
App 719717 output: vug/csc/17/2011
App 719717 output: vug/csc/17/2011
App 719717 output: vug/csc/17/2011
App 719717 output: vug/csc/17/2011
App 719717 output: vug/csc/19/3365
App 719717 output: vug/csc/19/3365
App 1294835 output: running on port 3000
App 1298379 output: running on port 3000
App 1311089 output: running on port 3000
App 1311089 output: vug/csc/19/3558
App 1315900 output: running on port 3000
App 1315900 output: vug/csc/19/3276
App 1315900 output: vug/csc/19/3276
App 1315900 output: vug/csc/19/3276
App 1315900 output: vug/csc/18/2520
App 1315900 output: vug/csc/18/2659
App 1315900 output: vug/csc/18/2659
App 1315900 output: vug/csc/20/3969
App 1315900 output: vug/csc/20/3969
App 1315900 output: vug/csc/18/2655
App 1315900 output: vug/csc/18/2655
App 1315900 output: vug/csc/17/2033
App 1315900 output: vug/csc/17/2033
App 1315900 output: vug/csc/19/3334
App 1315900 output: vug/csc/19/3334
App 1315900 output: vug/csc/18/2514
App 1315900 output: vug/csc/18/2514
App 1315900 output: vug/csc/18/2493
App 1315900 output: vug/csc/20/3878
App 1315900 output: vug/csc/20/3878
App 1315900 output: vug/csc/20/3878
App 1315900 output: vug/csc/18/2493
App 1315900 output: vug/csc/20/3878
App 1315900 output: vug/csc/18/2617
App 1315900 output: vug/csc/18/2655
App 1315900 output: vug/csc/18/2529
App 1315900 output: vug/csc/18/2529
App 1315900 output: vug/csc/18/2844
App 1315900 output: vug/csc/18/2844
App 1444445 output: running on port 3000
App 1444445 output: vug/csc/18/2773
App 1444445 output: vug/csc/18/2773
App 1444445 output: vug/csc/18/2773
App 1444445 output: vug/csc/17/2031
App 1444445 output: vug/csc/17/2031
App 1444445 output: vug/csc/17/2167
App 1444445 output: vug/csc/17/2167
App 1444445 output: vug/csc/20/4021
App 1444445 output: vug/csc/20/4021
App 1444445 output: vug/csc/19/3649
App 1444445 output: vug/csc/19/3649
App 1444445 output: vug/csc/18/2815
App 1444445 output: vug/csc/17/1998
App 1444445 output: vug/csc/17/1998
App 1444445 output: vug/csc/19/3342
App 1444445 output: vug/csc/19/3342
App 1444445 output: vug/csc/19/3342
App 1444445 output: vug/csc/19/3342
App 1444445 output: vug/csc/19/3342
App 1444445 output: vug/csc/19/3356
App 1444445 output: vug/csc/19/3356
App 1444445 output: vug/csc/19/3265
App 1444445 output: vug/csc/19/3265
App 1444445 output: vug/csc/19/3265
App 1444445 output: vug/csc/20/3969
App 1444445 output: vug/csc/18/2857
App 1444445 output: vug/csc/18/2857
App 1444445 output: vug/csc/18/2087
App 1444445 output: vug/csc/19/3307
App 1444445 output: vug/csc/19/3307
App 1444445 output: vug/csc/19/3255
App 1444445 output: vug/csc/19/3255
App 1444445 output: vug/csc/19/3255
App 1444445 output: vug/csc/18/2514
App 1444445 output: vug/csc/19/3651
App 1444445 output: vug/csc/19/3651
App 1444445 output: vug/csc/19/3651
App 1444445 output: vug/csc/18/2739
App 1444445 output: vug/csc/18/2739
App 1444445 output: vug/csc/18/2815
App 1444445 output: vug/csc/19/3201
App 1444445 output: vug/csc/19/3201
App 1444445 output: vug/csc/18/2815
App 1444445 output: vug/csc/19/3379
App 1444445 output: vug/csc/17/2171
App 1444445 output: vug/csc/17/2171
App 1444445 output: vug/csc/19/3379
App 1444445 output: vug/csc/18/2815
App 1444445 output: vug/csc/20/3969
App 1444445 output: vug/csc/18/2815
App 1444445 output: vug/csc/17/2171
App 1444445 output: vug/csc/20/3969
App 1444445 output: vug/csc/17/1914
App 1444445 output: vug/csc/20/3969
App 1444445 output: vug/csc/18/2617
App 1444445 output: vug/csc/17/1914
App 1444445 output: vug/csc/17/1914
App 1444445 output: vug/csc/18/2087
App 1444445 output: vug/csc/18/2087
App 1444445 output: vug/csc/18/2087
App 1444445 output: vug/csc/18/2087
App 1444445 output: vug/csc/18/2617
App 1444445 output: vug/csc/18/2617
App 1444445 output: vug/csc/17/2171
App 1444445 output: vug/csc/17/2033
App 1444445 output: vug/csc/17/2165
App 1444445 output: vug/csc/18/2617
App 1444445 output: vug/csc/18/2617
App 1444445 output: vug/csc/17/2033
App 1444445 output: vug/csc/17/2033
App 1444445 output: vug/csc/17/2165
App 1444445 output: vug/csc/17/2033
App 1444445 output: vug/csc/17/2165
App 1444445 output: vug/csc/17/2033
App 1444445 output: vug/csc/17/2165
App 1444445 output: vug/csc/17/2033
App 1444445 output: vug/csc/17/2165
App 1444445 output: vug/csc/17/2165
App 1444445 output: vug/csc/17/2033
App 1444445 output: vug/csc/19/3307
App 1444445 output: vug/csc/19/3379
App 1444445 output: vug/csc/19/3379
App 1444445 output: vug/csc/19/3379
App 1444445 output: vug/csc/19/3307
App 1444445 output: vug/csc/19/3201
App 1444445 output: vug/csc/19/3201
App 1444445 output: vug/csc/19/3307
App 1444445 output: vug/csc/19/3201
App 1444445 output: vug/csc/17/2171
App 1444445 output: vug/csc/19/3379
App 1444445 output: vug/csc/19/3379
App 1444445 output: vug/csc/17/2336
App 1444445 output: vug/csc/19/3201
App 1444445 output: vug/csc/19/3379
App 1444445 output: vug/csc/17/2336
App 1444445 output: vug/csc/17/2336
App 1444445 output: vug/csc/17/2336
App 1444445 output: vug/csc/17/2336
App 1444445 output: vug/csc/19/3389
App 1444445 output: vug/csc/19/3389
App 1444445 output: vug/csc/19/3255
App 1444445 output: vug/csc/19/3255
App 1444445 output: vug/csc/19/3389
App 1444445 output: vug/csc/19/3389
App 1444445 output: vug/csc/19/3651
App 1444445 output: vug/csc/19/3651
App 1444445 output: vug/csc/17/1983
App 1444445 output: vug/csc/17/1983
App 1444445 output: vug/csc/17/1983
App 1444445 output: vug/csc/17/1983
App 1444445 output: vug/csc/17/1983
App 1444445 output: vug/csc/19/3651
App 1444445 output: vug/csc/19/3651
App 1444445 output: vug/csc/19/3651
App 1444445 output: vug/csc/19/3389
App 1444445 output: vug/csc/18/2857
App 1444445 output: vug/csc/18/2857
App 1444445 output: vug/csc/19/3307
App 1444445 output: vug/csc/18/2857
App 1444445 output: vug/csc/18/2857
App 1444445 output: vug/csc/18/2857
App 1444445 output: vug/csc/19/3276
App 1444445 output: vug/csc/19/3379
App 1444445 output: vug/csc/19/3276
App 1444445 output: vug/csc/19/3379
App 1444445 output: vug/csc/19/3276
App 1444445 output: vug/csc/19/3276
App 1444445 output: vug/csc/19/3276
App 1444445 output: vug/csc/17/1983
App 1444445 output: vug/csc/19/3276
App 1444445 output: vug/csc/19/3276
App 1444445 output: vug/csc/19/3307
App 1444445 output: vug/csc/19/3307
App 1444445 output: vug/csc/18/2491
App 1444445 output: vug/csc/19/3307
App 1444445 output: vug/csc/19/3276
App 1444445 output: vug/csc/19/3307
App 1444445 output: vug/csc/19/3307
App 1444445 output: vug/csc/18/2491
App 1444445 output: vug/csc/18/2491
App 1444445 output: vug/csc/19/3307
App 1444445 output: vug/csc/17/1914
App 1444445 output: vug/csc/19/3307
App 1444445 output: vug/csc/19/3307
App 1444445 output: vug/csc/17/1914
App 1444445 output: vug/csc/19/3276
App 1444445 output: vug/csc/19/3307
App 1444445 output: vug/csc/19/3276
App 1444445 output: vug/csc/18/2491
App 1444445 output: vug/csc/18/2491
App 1444445 output: vug/csc/17/1914
App 1444445 output: vug/csc/18/2491
App 1444445 output: vug/csc/17/1914
App 1444445 output: vug/csc/19/3276
App 1444445 output: vug/csc/18/2491
App 1444445 output: vug/csc/17/1914
App 1444445 output: vug/csc/19/3389
App 1444445 output: vug/csc/17/1914
App 1444445 output: vug/csc/18/2491
App 1444445 output: vug/csc/17/1914
App 1444445 output: vug/csc/17/1914
App 1444445 output: vug/csc/17/2171
App 1444445 output: vug/csc/18/2514
App 1444445 output: vug/csc/17/1914
App 1444445 output: vug/csc/18/2514
App 1444445 output: vug/csc/18/2514
App 1444445 output: vug/csc/20/3969
App 1444445 output: vug/csc/20/3969
App 1444445 output: vug/csc/17/2171
App 1444445 output: vug/csc/20/3969
App 1444445 output: vug/csc/17/2171
App 1444445 output: vug/csc/17/2205
App 1444445 output: vug/csc/17/2171
App 1444445 output: vug/csc/18/2514
App 1444445 output: vug/csc/18/2514
App 1444445 output: vug/csc/20/3969
App 1444445 output: vug/csc/18/2514
App 1444445 output: vug/csc/18/2514
App 1444445 output: vug/csc/17/2205
App 1444445 output: vug/csc/17/2205
App 1444445 output: vug/csc/17/2205
App 1444445 output: vug/csc/17/2205
App 1444445 output: vug/csc/17/2205
App 1444445 output: vug/csc/17/2205
App 1444445 output: vug/csc/17/2205
App 1444445 output: vug/csc/19/3415
App 1444445 output: vug/csc/19/3415
App 1444445 output: vug/csc/19/3415
App 1444445 output: vug/csc/18/2529
App 1444445 output: vug/csc/18/2529
App 1444445 output: vug/csc/19/3415
App 1444445 output: vug/csc/19/3415
App 1444445 output: vug/csc/18/2529
App 1444445 output: vug/csc/18/2529
App 1444445 output: vug/csc/19/3265
App 1444445 output: vug/csc/19/3415
App 1444445 output: vug/csc/19/3265
App 1444445 output: vug/csc/19/3415
App 1444445 output: vug/csc/18/2529
App 1444445 output: vug/csc/19/3415
App 1444445 output: vug/csc/18/2529
App 1444445 output: vug/csc/19/3265
App 1444445 output: vug/csc/19/3415
App 1444445 output: vug/csc/18/2514
App 1444445 output: vug/csc/19/3265
App 1444445 output: vug/csc/18/2529
App 1444445 output: vug/csc/19/3265
App 1444445 output: vug/csc/18/2529
App 1444445 output: vug/csc/19/3415
App 1444445 output: vug/csc/18/2844
App 1444445 output: vug/csc/18/2548
App 1444445 output: vug/csc/18/2548
App 1444445 output: vug/csc/18/2529
App 1444445 output: vug/csc/18/2529
App 1444445 output: vug/csc/18/2844
App 1444445 output: vug/csc/18/2548
App 1444445 output: vug/csc/18/2548
App 1444445 output: vug/csc/18/2548
App 1444445 output: vug/csc/18/2548
App 1444445 output: vug/csc/18/2844
App 1444445 output: vug/csc/18/2529
App 1444445 output: vug/csc/18/2844
App 1444445 output: vug/csc/18/2529
App 1444445 output: vug/csc/18/2548
App 1444445 output: vug/csc/18/2548
App 1444445 output: vug/csc/18/2529
App 1444445 output: vug/csc/18/2548
App 1444445 output: vug/csc/19/3414
App 1444445 output: vug/csc/18/2529
App 1444445 output: vug/csc/18/2844
App 1444445 output: vug/csc/19/3265
App 1444445 output: vug/csc/18/2529
App 1444445 output: vug/csc/18/2548
App 1444445 output: vug/csc/18/2548
App 1444445 output: vug/csc/19/3265
App 1444445 output: vug/csc/18/2529
App 1444445 output: vug/csc/19/3265
App 1444445 output: vug/csc/18/2548
App 1444445 output: vug/csc/18/2548
App 1444445 output: vug/csc/18/2844
App 1444445 output: vug/csc/18/2529
App 1444445 output: vug/csc/18/2844
App 1444445 output: vug/csc/18/2844
App 1444445 output: vug/csc/18/2548
App 1444445 output: vug/csc/18/2548
App 1444445 output: vug/csc/19/3414
App 1444445 output: vug/csc/18/2548
App 1444445 output: vug/csc/18/2529
App 1444445 output: vug/csc/18/2548
App 1444445 output: vug/csc/18/2844
App 1444445 output: vug/csc/19/3414
App 1444445 output: vug/csc/18/2844
App 1444445 output: vug/csc/19/3265
App 1444445 output: vug/csc/19/3414
App 1444445 output: vug/csc/19/3414
App 1444445 output: vug/csc/19/3265
App 1444445 output: vug/csc/19/3414
App 1444445 output: vug/csc/18/2844
App 1444445 output: vug/csc/19/3414
App 1444445 output: vug/csc/18/2844
App 1444445 output: vug/csc/19/3414
App 1444445 output: vug/csc/19/3265
App 1444445 output: vug/csc/19/3265
App 1444445 output: vug/csc/18/2844
App 1444445 output: vug/csc/19/3265
App 1444445 output: vug/csc/19/3265
App 1444445 output: vug/csc/19/3414
App 1444445 output: vug/csc/18/2844
App 1444445 output: vug/csc/19/3265
App 1444445 output: vug/csc/19/3265
App 1444445 output: vug/csc/17/2167
App 1444445 output: vug/csc/19/3265
App 1444445 output: vug/csc/17/2167
App 1444445 output: vug/csc/19/3265
App 1444445 output: vug/csc/19/3265
App 1444445 output: vug/csc/17/2167
App 1444445 output: vug/csc/17/2167
App 1444445 output: vug/csc/19/3265
App 1444445 output: vug/csc/17/2167
App 1444445 output: vug/csc/19/3265
App 1444445 output: vug/csc/17/2167
App 1444445 output: vug/csc/17/2167
App 1444445 output: vug/csc/19/3414
App 1444445 output: vug/csc/17/2167
App 1444445 output: vug/csc/17/2167
App 1444445 output: vug/csc/17/2167
App 1444445 output: vug/csc/17/2167
App 1444445 output: vug/csc/19/3265
App 1444445 output: vug/csc/18/2857
App 1444445 output: vug/csc/19/3265
App 1444445 output: vug/csc/19/3255
App 1444445 output: vug/csc/18/2857
App 1444445 output: vug/csc/18/2857
App 1444445 output: vug/csc/19/3265
App 1444445 output: vug/csc/18/2857
App 1444445 output: vug/csc/19/3255
App 1444445 output: vug/csc/19/3265
App 1444445 output: vug/csc/17/2167
App 1444445 output: vug/csc/18/2857
App 1444445 output: vug/csc/18/2584
App 1444445 output: vug/csc/18/2857
App 1444445 output: vug/csc/19/3389
App 1444445 output: vug/csc/18/2584
App 1444445 output: vug/csc/18/2584
App 1444445 output: vug/csc/19/3265
App 1444445 output: vug/csc/19/3265
App 1444445 output: vug/csc/19/3265
App 1444445 output: vug/csc/18/2857
App 1444445 output: vug/csc/18/2857
App 1444445 output: vug/csc/19/3265
App 1444445 output: vug/csc/17/2167
App 1444445 output: vug/csc/18/2857
App 1444445 output: vug/csc/18/2499
App 1444445 output: vug/csc/18/2499
App 1444445 output: vug/csc/18/2499
App 1444445 output: vug/csc/18/2499
App 1444445 output: vug/csc/18/2499
App 1444445 output: vug/csc/19/3334
App 1444445 output: vug/csc/19/3334
App 1444445 output: vug/csc/19/3334
App 1444445 output: vug/csc/19/3334
App 1444445 output: vug/csc/19/3334
App 1444445 output: vug/csc/18/2857
App 1444445 output: vug/csc/19/3334
App 1444445 output: vug/csc/19/3334
App 1444445 output: vug/csc/18/2857
App 1444445 output: vug/csc/19/3334
App 1444445 output: vug/csc/19/3334
App 1444445 output: vug/csc/17/2033
App 1444445 output: vug/csc/19/3334
App 1444445 output: vug/csc/19/3334
App 1444445 output: vug/csc/19/3334
App 1444445 output: vug/csc/17/2147
App 1444445 output: vug/csc/19/3334
App 1444445 output: vug/csc/17/2033
App 1444445 output: vug/csc/19/3334
App 1444445 output: vug/csc/19/3334
App 1444445 output: vug/csc/19/3334
App 1444445 output: vug/csc/17/2031
App 1444445 output: vug/csc/17/2031
App 1444445 output: vug/csc/17/2031
App 1444445 output: vug/csc/17/2031
App 1444445 output: vug/csc/19/3334
App 1444445 output: vug/csc/17/2031
App 1444445 output: vug/csc/19/3334
App 1444445 output: vug/csc/17/2031
App 1444445 output: vug/csc/17/2031
App 1444445 output: vug/csc/17/2031
App 1444445 output: vug/csc/17/2031
App 1444445 output: vug/csc/17/2031
App 1444445 output: vug/csc/17/2033
App 1444445 output: vug/csc/17/2033
App 1444445 output: vug/csc/17/2031
App 1444445 output: vug/csc/17/2031
App 1444445 output: vug/csc/17/2031
App 1444445 output: vug/csc/17/2033
App 1444445 output: vug/csc/17/2031
App 1444445 output: vug/csc/17/2031
App 1444445 output: vug/csc/17/2147
App 1444445 output: vug/csc/17/2147
App 1444445 output: comfy
App 1444445 output: vug/csc/17/2147
App 1444445 output: vug/csc/17/2147
App 1444445 output: comfy
App 1444445 output: vug/csc/18/2815
App 1444445 output: vug/csc/17/2147
App 1444445 output: vug/csc/18/2815
App 1444445 output: vug/csc/17/2147
App 1444445 output: vug/csc/18/2815
App 1444445 output: vug/csc/17/2147
App 1444445 output: vug/csc/18/2815
App 1444445 output: vug/csc/17/2147
App 1444445 output: vug/csc/18/2815
App 1444445 output: vug/csc/19/3389
App 1444445 output: vug/csc/17/2147
App 1444445 output: vug/csc/18/2815
App 1444445 output: vug/csc/17/2147
App 1444445 output: vug/csc/18/2815
App 1444445 output: vug/csc/17/2147
App 1444445 output: vug/csc/17/2147
App 1444445 output: vug/csc/17/2147
App 1444445 output: vug/csc/17/2147
App 1444445 output: vug/csc/18/2815
App 1444445 output: vug/csc/18/2514
App 1444445 output: vug/csc/19/3389
App 1444445 output: vug/csc/19/3431
App 1444445 output: vug/csc/19/3431
App 1444445 output: vug/csc/17/2011
App 1444445 output: vug/csc/19/3431
App 1444445 output: vug/csc/17/2011
App 1444445 output: vug/csc/19/3431
App 1444445 output: vug/csc/17/2011
App 1444445 output: vug/csc/19/3431
App 1444445 output: vug/csc/17/2011
App 1444445 output: vug/csc/17/2011
App 1444445 output: vug/csc/19/3431
App 1444445 output: vug/csc/17/2011
App 1444445 output: vug/csc/19/3431
App 1444445 output: vug/csc/17/2011
App 1444445 output: vug/csc/17/2011
App 1444445 output: vug/csc/19/3431
App 1444445 output: vug/csc/19/3431
App 1444445 output: vug/csc/19/3431
App 1444445 output: vug/csc/19/3431
App 1444445 output: vug/csc/18/2815
App 1444445 output: vug/csc/19/3689
App 1444445 output: vug/csc/17/2374
App 1444445 output: vug/csc/17/2374
App 1444445 output: vug/csc/17/2374
App 1444445 output: vug/csc/19/3293
App 1444445 output: vug/csc/19/3293
App 1444445 output: vug/csc/19/3293
App 1444445 output: vug/csc/19/3293
App 1444445 output: vug/csc/19/3293
App 1444445 output: vug/csc/19/3293
App 1444445 output: vug/csc/19/3293
App 1444445 output: vug/csc/19/3293
App 1444445 output: vug/csc/19/3293
App 1444445 output: vug/csc/19/3293
App 1444445 output: vug/csc/19/3293
App 1444445 output: vug/csc/19/3293
App 1444445 output: vug/csc/17/2374
App 1444445 output: vug/csc/19/3293
App 1444445 output: vug/csc/17/2374
App 1444445 output: vug/csc/19/3293
App 1444445 output: vug/csc/19/3312
App 1444445 output: vug/csc/19/3293
App 1444445 output: vug/csc/19/3312
App 1444445 output: vug/csc/19/3293
App 1444445 output: vug/csc/19/3312
App 1444445 output: vug/csc/19/3293
App 1444445 output: vug/csc/19/3312
App 1444445 output: vug/csc/19/3312
App 1444445 output: vug/csc/19/3312
App 1444445 output: vug/csc/19/3312
App 1444445 output: vug/csc/19/3312
App 1444445 output: vug/csc/19/3312
App 1444445 output: vug/csc/19/3312
App 1444445 output: vug/csc/19/3312
App 1444445 output: vug/csc/19/3312
App 1444445 output: vug/csc/19/3312
App 1444445 output: vug/csc/19/3312
App 1444445 output: vug/csc/19/3596
App 1444445 output: vug/csc/19/3596
App 1444445 output: vug/csc/18/2604
App 1444445 output: vug/csc/18/2604
App 1444445 output: vug/csc/18/2604
App 1444445 output: vug/csc/18/2604
App 1444445 output: vug/csc/18/2604
App 1444445 output: vug/csc/19/3596
App 1444445 output: vug/csc/19/3312
App 1444445 output: vug/csc/19/3312
App 1444445 output: vug/csc/19/3596
App 1444445 output: vug/csc/19/3312
App 1444445 output: vug/csc/18/2604
App 1444445 output: vug/csc/18/2604
App 1444445 output: vug/csc/18/2604
App 1444445 output: vug/csc/18/2604
App 1444445 output: vug/csc/19/3596
App 1444445 output: vug/csc/17/2081
App 1444445 output: vug/csc/19/3596
App 1444445 output: vug/csc/19/3596
App 1444445 output: vug/csc/17/2033
App 1444445 output: vug/csc/17/2081
App 1444445 output: vug/csc/19/3596
App 1444445 output: vug/csc/17/2081
App 1444445 output: vug/csc/19/3596
App 1444445 output: vug/csc/17/2081
App 1444445 output: vug/csc/19/3686
App 1444445 output: vug/csc/17/2081
App 1444445 output: vug/csc/19/3686
App 1444445 output: vug/csc/19/3686
App 1444445 output: vug/csc/19/3686
App 1444445 output: vug/csc/19/3686
App 1444445 output: vug/csc/17/2272
App 1444445 output: vug/csc/20/3878
App 1444445 output: vug/csc/20/3878
App 1444445 output: vug/csc/20/3878
App 1444445 output: vug/csc/17/2272
App 1444445 output: vug/csc/17/2272
App 1444445 output: vug/csc/20/3878
App 1444445 output: vug/csc/17/2272
App 1444445 output: vug/csc/20/3878
App 1444445 output: vug/csc/20/3878
App 1444445 output: vug/csc/17/2374
App 1444445 output: vug/csc/17/2374
App 1444445 output: vug/csc/19/3558
App 1444445 output: vug/csc/19/3558
App 1444445 output: vug/csc/17/2374
App 1444445 output: vug/csc/19/3558
App 1444445 output: vug/csc/17/2374
App 1444445 output: vug/csc/17/2374
App 1444445 output: vug/csc/17/2374
App 1444445 output: vug/csc/17/2374
App 1444445 output: vug/csc/18/2815
App 1444445 output: vug/csc/18/2815
App 1444445 output: vug/csc/18/2815
App 1444445 output: vug/csc/18/2815
App 1444445 output: vug/csc/17/1998
App 1444445 output: vug/csc/17/1998
App 1444445 output: vug/csc/17/1934
App 1444445 output: vug/csc/17/1934
App 1444445 output: vug/csc/17/1998
App 1444445 output: vug/csc/17/1934
App 1444445 output: vug/csc/17/1998
App 1444445 output: vug/csc/19/3260
App 1444445 output: vug/csc/17/1934
App 1444445 output: vug/csc/19/3260
App 1444445 output: vug/csc/17/1934
App 1444445 output: vug/csc/17/1998
App 1444445 output: vug/csc/19/3260
App 1444445 output: vug/csc/17/1998
App 1444445 output: vug/csc/19/3260
App 1444445 output: vug/csc/17/1998
App 1444445 output: vug/csc/17/1998
App 1444445 output: vug/csc/17/1998
App 1444445 output: vug/csc/19/3260
App 1444445 output: vug/csc/19/3260
App 1444445 output: vug/csc/19/3260
App 1444445 output: vug/csc/17/1998
App 1444445 output: vug/csc/19/3260
App 1444445 output: vug/csc/19/3260
App 1444445 output: vug/csc/17/1998
App 1444445 output: vug/csc/19/3260
App 1444445 output: vug/csc/19/3260
App 1444445 output: vug/csc/17/1998
App 1444445 output: vug/csc/19/3260
App 1444445 output: vug/csc/19/3260
App 1444445 output: vug/csc/19/3260
App 1444445 output: vug/csc/19/3260
App 1444445 output: vug/csc/19/3260
App 1444445 output: vug/csc/19/3260
App 1444445 output: vug/csc/18/2830
App 1444445 output: vug/csc/18/2830
App 1444445 output: vug/csc/18/2830
App 1444445 output: vug/csc/18/2830
App 1444445 output: vug/csc/18/2830
App 1444445 output: vug/csc/18/2830
App 1444445 output: vug/csc/18/2830
App 1444445 output: vug/csc/18/2830
App 1444445 output: vug/csc/18/2830
App 1444445 output: vug/csc/18/2830
App 1444445 output: vug/csc/18/2830
App 1444445 output: vug/csc/18/2830
App 1444445 output: vug/csc/18/2830
App 1444445 output: vug/csc/18/2830
App 1444445 output: vug/csc/18/2830
App 1444445 output: vug/csc/18/2830
App 1444445 output: vug/csc/18/2830
App 1444445 output: vug/csc/18/2830
App 1444445 output: vug/csc/17/2298
App 1444445 output: vug/csc/17/2298
App 1444445 output: vug/csc/18/2830
App 1444445 output: vug/csc/17/2298
App 1444445 output: vug/csc/18/2830
App 1444445 output: vug/csc/18/2830
App 1444445 output: vug/csc/17/2298
App 1444445 output: vug/csc/17/2298
App 1444445 output: vug/csc/17/2298
App 1444445 output: vug/csc/17/2298
App 1444445 output: vug/csc/17/2298
App 1444445 output: vug/csc/17/2298
App 1444445 output: vug/csc/17/2298
App 1444445 output: vug/csc/18/2695
App 1444445 output: vug/csc/18/2695
App 1444445 output: vug/csc/18/2695
App 1444445 output: vug/csc/18/2695
App 1444445 output: vug/csc/18/2695
App 1444445 output: vug/csc/18/2695
App 1444445 output: vug/csc/18/2493
App 1444445 output: vug/csc/18/2493
App 1444445 output: vug/csc/18/2493
App 1444445 output: vug/csc/18/2493
App 1444445 output: vug/csc/18/2493
App 1444445 output: vug/csc/18/2493
App 1444445 output: vug/csc/18/2493
App 1444445 output: vug/csc/19/3326
App 1444445 output: vug/csc/19/3326
App 1444445 output: vug/csc/18/2493
App 1444445 output: vug/csc/18/2493
App 1444445 output: vug/csc/19/3326
App 1444445 output: vug/csc/19/3326
App 1444445 output: vug/csc/18/2493
App 1444445 output: vug/csc/19/3326
App 1444445 output: vug/csc/19/3326
App 1444445 output: vug/csc/19/3326
App 1444445 output: vug/csc/19/3326
App 1444445 output: vug/csc/19/3326
App 1444445 output: vug/csc/17/2216
App 1444445 output: vug/csc/19/3342
App 1444445 output: vug/csc/19/3342
App 1444445 output: vug/csc/19/3342
App 1444445 output: vug/csc/19/3342
App 1444445 output: vug/csc/19/3342
App 1444445 output: vug/csc/19/3342
App 1444445 output: vug/csc/19/3342
App 1444445 output: vug/csc/17/2216
App 1444445 output: vug/csc/19/3342
App 1444445 output: vug/csc/19/3342
App 1444445 output: vug/csc/17/2216
App 1444445 output: vug/csc/17/2168
App 1444445 output: vug/csc/17/2168
App 1444445 output: vug/csc/20/3873
App 1444445 output: vug/csc/20/3873
App 1444445 output: vug/csc/20/3873
App 1444445 output: vug/csc/20/3873
App 1444445 output: vug/csc/19/3294
App 1444445 output: vug/csc/19/3294
App 1444445 output: vug/csc/19/3294
App 1444445 output: vug/csc/19/3294
App 1444445 output: vug/csc/19/3294
App 1444445 output: vug/csc/19/3294
App 1444445 output: vug/csc/19/3294
App 1444445 output: vug/csc/19/3294
App 1444445 output: vug/csc/17/2119
App 1444445 output: vug/csc/17/2119
App 1444445 output: vug/csc/17/2272
App 1444445 output: vug/csc/19/3626
App 1444445 output: vug/csc/19/3626
App 1444445 output: vug/csc/19/3626
App 1444445 output: vug/csc/19/3626
App 1444445 output: vug/csc/19/3626
App 1444445 output: vug/csc/18/2501
App 1444445 output: vug/csc/18/2501
App 1444445 output: vug/csc/18/2501
App 1444445 output: vug/csc/18/2501
App 1444445 output: vug/csc/18/2501
App 1444445 output: vug/csc/18/2501
App 1444445 output: vug/csc/18/2501
App 1444445 output: vug/csc/18/2501
App 1444445 output: vug/csc/17/2119
App 1444445 output: vug/csc/17/2119
App 1444445 output: vug/csc/17/2168
App 1444445 output: vug/csc/17/2168
App 1444445 output: vug/csc/19/3343
App 1444445 output: comfy
App 1444445 output: vug/csc/19/3343
App 1444445 output: vug/csc/19/3343
App 1444445 output: vug/csc/19/3343
App 1444445 output: vug/csc/19/3343
App 1444445 output: vug/csc/19/3343
App 1444445 output: vug/csc/19/3343
App 1444445 output: vug/csc/19/3343
App 1444445 output: vug/csc/19/3343
App 1444445 output: vug/csc/19/3343
App 1444445 output: vug/csc/19/3343
App 1444445 output: vug/csc/19/3343
App 1444445 output: vug/csc/19/3343
App 1444445 output: vug/csc/17/1983
App 1444445 output: vug/csc/17/1983
App 1444445 output: vug/csc/17/1983
App 1444445 output: vug/csc/17/1983
App 1444445 output: vug/csc/17/1983
App 1444445 output: vug/csc/18/2501
App 1444445 output: vug/csc/18/2501
App 1444445 output: vug/csc/17/1983
App 1444445 output: vug/csc/18/2501
App 1444445 output: vug/csc/18/2501
App 1444445 output: vug/csc/17/2216
App 1444445 output: vug/csc/18/2501
App 1444445 output: vug/csc/18/2654
App 1444445 output: vug/csc/18/2654
App 1444445 output: vug/csc/18/2654
App 1444445 output: vug/csc/18/2654
App 1444445 output: vug/csc/18/2654
App 1444445 output: vug/csc/18/2501
App 1444445 output: vug/csc/18/2501
App 1444445 output: vug/csc/18/2501
App 1444445 output: vug/csc/19/3651
App 1444445 output: vug/csc/18/2773
App 1444445 output: vug/csc/18/2773
App 1444445 output: vug/csc/18/2773
App 1444445 output: vug/csc/18/2773
App 1444445 output: vug/csc/18/2773
App 1444445 output: vug/csc/18/2773
App 1444445 output: vug/csc/18/2773
App 1444445 output: vug/csc/18/2773
App 1444445 output: vug/csc/18/2515
App 1444445 output: vug/csc/19/3211
App 1444445 output: vug/csc/19/3211
App 1444445 output: vug/csc/18/2515
App 1444445 output: vug/csc/18/2515
App 1444445 output: vug/csc/17/1983
App 1444445 output: vug/csc/19/3294
App 1444445 output: vug/csc/19/3628
App 1444445 output: vug/csc/19/3628
App 1444445 output: vug/csc/19/3628
App 1444445 output: vug/csc/19/3628
App 1444445 output: vug/csc/19/3628
App 1444445 output: vug/csc/19/3628
App 1444445 output: vug/csc/19/3628
App 1444445 output: vug/csc/19/3628
App 1444445 output: vug/csc/19/3628
App 1444445 output: vug/csc/19/3706
App 1444445 output: vug/csc/19/3706
App 1444445 output: vug/csc/19/3706
App 1444445 output: vug/csc/19/3318
App 1444445 output: vug/csc/19/3318
App 1444445 output: vug/csc/19/3318
App 1444445 output: vug/csc/19/3318
App 1444445 output: vug/csc/19/3365
App 1444445 output: vug/csc/19/3365
App 1444445 output: vug/csc/19/3365
App 1444445 output: vug/csc/19/3365
App 1444445 output: vug/csc/19/3365
App 1444445 output: vug/csc/19/3365
App 1444445 output: vug/csc/19/3780
App 1444445 output: vug/csc/19/3780
App 1444445 output: vug/csc/19/3780
App 1444445 output: vug/csc/19/3780
App 1444445 output: vug/csc/19/3780
App 1444445 output: vug/csc/19/3294
App 1444445 output: vug/csc/19/3780
App 1444445 output: vug/csc/19/3780
App 1444445 output: vug/csc/19/3780
App 1444445 output: vug/csc/19/3780
App 1444445 output: vug/csc/19/3780
App 1444445 output: vug/csc/19/3780
App 1444445 output: vug/csc/19/3780
App 1444445 output: vug/csc/19/3780
App 1444445 output: vug/csc/19/3307
App 1444445 output: vug/csc/17/2033
App 1444445 output: vug/csc/19/3307
App 1444445 output: vug/csc/17/2117
App 1444445 output: vug/csc/17/2117
App 1444445 output: vug/csc/17/2117
App 1444445 output: vug/csc/17/2172
App 1444445 output: vug/csc/17/2172
App 1444445 output: vug/csc/17/2172
App 1444445 output: vug/csc/17/2172
App 1444445 output: vug/csc/17/2172
App 1444445 output: vug/csc/17/2172
App 1444445 output: vug/csc/17/2172
App 1444445 output: vug/csc/18/2617
App 1444445 output: vug/csc/17/2172
App 1444445 output: vug/csc/18/2617
App 1444445 output: vug/csc/17/2172
App 1444445 output: vug/csc/18/2617
App 1444445 output: vug/csc/18/2617
App 1444445 output: vug/csc/17/2172
App 1444445 output: vug/csc/18/2617
App 1444445 output: vug/csc/17/2172
App 1444445 output: vug/csc/18/2617
App 1444445 output: vug/csc/18/2617
App 1444445 output: vug/csc/17/2172
App 1444445 output: vug/csc/17/2171
App 1444445 output: vug/csc/17/2378
App 1444445 output: vug/csc/17/2378
App 1444445 output: vug/csc/17/2374
App 1444445 output: vug/csc/17/2228
App 1444445 output: vug/csc/17/2228
App 1444445 output: vug/csc/17/2228
App 1444445 output: vug/csc/17/2228
App 1444445 output: vug/csc/17/2228
App 1444445 output: vug/csc/17/2228
App 1444445 output: vug/csc/17/2228
App 1444445 output: vug/csc/17/2228
App 1444445 output: vug/csc/17/2228
App 1444445 output: vug/csc/17/2228
App 1444445 output: vug/csc/17/2228
App 1444445 output: vug/csc/17/2228
App 1444445 output: vug/csc/17/2228
App 1444445 output: vug/csc/17/2228
App 1444445 output: vug/csc/17/2228
App 1444445 output: vug/csc/17/2228
App 1444445 output: vug/csc/17/2228
App 1444445 output: vug/csc/17/2228
App 1444445 output: vug/csc/17/2228
App 1444445 output: vug/csc/19/3433
App 1444445 output: vug/csc/19/3433
App 1444445 output: vug/csc/19/3433
App 1444445 output: vug/csc/19/3433
App 1444445 output: vug/csc/19/3433
App 1444445 output: vug/csc/19/3433
App 1444445 output: vug/csc/19/3433
App 1444445 output: vug/csc/19/3433
App 1444445 output: vug/csc/19/3433
App 1444445 output: vug/csc/19/3433
App 1444445 output: vug/csc/19/3433
App 1444445 output: vug/csc/19/3433
App 1444445 output: vug/csc/19/3433
App 1444445 output: vug/csc/19/3433
App 1444445 output: vug/csc/19/3433
App 1444445 output: vug/csc/19/3433
App 1444445 output: vug/csc/19/3433
App 1444445 output: vug/csc/19/3433
App 1444445 output: vug/csc/15/1237
App 1444445 output: vug/csc/15/1237
App 1444445 output: vug/csc/15/1237
App 1444445 output: vug/csc/15/1237
App 1444445 output: vug/csc/15/1237
App 1444445 output: vug/csc/15/1237
App 1444445 output: vug/csc/17/1992
App 1444445 output: vug/csc/17/1992
App 1444445 output: vug/csc/17/1992
App 1444445 output: vug/csc/15/1237
App 1444445 output: vug/csc/15/1237
App 1444445 output: vug/csc/15/1237
App 1444445 output: vug/csc/15/1237
App 1444445 output: vug/csc/17/1992
App 1444445 output: vug/csc/15/1237
App 1444445 output: vug/csc/17/1992
App 1444445 output: vug/csc/15/1237
App 1444445 output: vug/csc/17/1992
App 1444445 output: vug/csc/15/1237
App 1444445 output: vug/csc/17/1992
App 1444445 output: vug/csc/17/1992
App 1444445 output: vug/csc/17/1992
App 1444445 output: vug/csc/17/1992
App 1444445 output: vug/csc/17/1992
App 1444445 output: vug/csc/17/1983
App 1444445 output: vug/csc/17/1992
App 1444445 output: vug/csc/17/1992
App 1444445 output: vug/csc/15/1237
App 1444445 output: vug/csc/15/1237
App 1444445 output: vug/csc/15/1237
App 1444445 output: vug/csc/15/1237
App 1444445 output: vug/csc/20/4032
App 1444445 output: vug/csc/20/4032
App 1444445 output: vug/csc/19/3554
App 1444445 output: vug/csc/19/3554
App 1444445 output: vug/csc/20/4032
App 1444445 output: vug/csc/20/4032
App 1444445 output: vug/csc/19/3554
App 1444445 output: vug/csc/19/3554
App 1444445 output: vug/csc/19/3554
App 1444445 output: vug/csc/19/3554
App 1444445 output: vug/csc/19/3554
App 1444445 output: vug/csc/19/3554
App 1444445 output: vug/csc/17/2174
App 1444445 output: vug/csc/17/2174
App 1444445 output: vug/csc/17/2174
App 1444445 output: vug/csc/17/2174
App 1444445 output: vug/csc/19/3554
App 1444445 output: vug/csc/19/3554
App 1444445 output: vug/csc/19/3554
App 1444445 output: vug/csc/20/3932
App 1444445 output: vug/csc/17/2174
App 1444445 output: vug/csc/18/2520
App 1444445 output: vug/csc/18/2520
App 1444445 output: comfy
App 1444445 output: vug/csc/17/1914
App 1444445 output: vug/csc/17/1983
App 1444445 output: vug/csc/20/3899
App 1444445 output: vug/csc/20/3899
App 1444445 output: vug/csc/19/3822
App 1444445 output: vug/csc/19/3822
App 1444445 output: vug/csc/19/3822
App 1444445 output: vug/csc/19/3822
App 1444445 output: vug/csc/19/3649
App 1444445 output: vug/csc/19/3649
App 1444445 output: vug/csc/20/3866
App 1444445 output: vug/csc/20/3866
App 1444445 output: vug/csc/20/3866
App 1444445 output: vug/csc/20/3866
App 1444445 output: vug/csc/20/3866
App 1444445 output: vug/csc/20/3866
App 1444445 output: vug/csc/20/3866
App 1444445 output: vug/csc/20/3866
App 1444445 output: vug/csc/20/3866
App 1444445 output: vug/csc/20/3866
App 1444445 output: vug/csc/20/3866
App 1444445 output: vug/csc/17/2033
App 1444445 output: vug/csc/17/1914
App 1444445 output: vug/csc/17/2118
App 1444445 output: vug/csc/17/2118
App 1444445 output: vug/csc/17/2118
App 1444445 output: vug/csc/17/2118
App 1444445 output: vug/csc/17/2118
App 1444445 output: vug/csc/17/2118
App 1444445 output: vug/csc/17/2118
App 1444445 output: vug/csc/17/2118
App 1444445 output: vug/csc/17/2118
App 1444445 output: vug/csc/17/1951
App 1444445 output: vug/csc/17/1951
App 1444445 output: vug/csc/17/1951
App 1444445 output: vug/csc/17/1951
App 1444445 output: vug/csc/20/4021
App 1444445 output: vug/csc/17/1951
App 1444445 output: vug/csc/20/4021
App 1444445 output: vug/csc/17/1951
App 1444445 output: vug/csc/17/2118
App 1444445 output: vug/csc/17/2118
App 1444445 output: vug/csc/20/4021
App 1444445 output: vug/csc/20/4021
App 1444445 output: vug/csc/17/1951
App 1444445 output: vug/csc/20/4021
App 1444445 output: vug/csc/17/1951
App 1444445 output: vug/csc/17/2118
App 1444445 output: vug/csc/17/2118
App 1444445 output: vug/csc/17/2118
App 1444445 output: vug/csc/17/2118
App 1444445 output: vug/csc/20/4021
App 1444445 output: vug/csc/20/4021
App 1444445 output: vug/csc/17/2129
App 1444445 output: vug/csc/17/2129
App 1444445 output: vug/csc/17/2129
App 1444445 output: vug/csc/17/2129
App 1444445 output: vug/csc/18/2717
App 1444445 output: vug/csc/18/2717
App 1444445 output: vug/csc/17/2129
App 1444445 output: vug/csc/19/3431
App 1444445 output: vug/csc/17/2129
App 1444445 output: vug/csc/17/1951
App 1444445 output: vug/csc/19/3378
App 1444445 output: vug/csc/19/3378
App 1444445 output: vug/csc/19/3378
App 1444445 output: vug/csc/17/2129
App 1444445 output: vug/csc/19/3378
App 1444445 output: vug/csc/19/3378
App 1444445 output: vug/csc/19/3378
App 1444445 output: vug/csc/17/2129
App 1444445 output: vug/csc/17/2129
App 1444445 output: vug/csc/19/3378
App 1444445 output: vug/csc/17/2129
App 1444445 output: vug/csc/19/3378
App 1444445 output: vug/csc/19/3378
App 1444445 output: vug/csc/19/3378
App 1444445 output: vug/csc/19/3378
App 1444445 output: vug/csc/19/3378
App 1444445 output: vug/csc/19/3431
App 1444445 output: vug/csc/19/3378
App 1444445 output: vug/csc/19/3378
App 1444445 output: vug/csc/17/2129
App 1444445 output: vug/csc/17/2129
App 1444445 output: vug/csc/19/3378
App 1444445 output: vug/csc/18/2814
App 1444445 output: vug/csc/18/2814
App 1444445 output: vug/csc/19/3378
App 1444445 output: vug/csc/19/3378
App 1444445 output: vug/csc/17/2129
App 1444445 output: vug/csc/18/2814
App 1444445 output: vug/csc/17/2129
App 1444445 output: vug/csc/18/2814
App 1444445 output: vug/csc/18/2814
App 1444445 output: vug/csc/17/2129
App 1444445 output: vug/csc/17/2129
App 1444445 output: vug/csc/19/3397
App 1444445 output: vug/csc/19/3397
App 1444445 output: vug/csc/19/3397
App 1444445 output: vug/csc/19/3404
App 1444445 output: vug/csc/19/3404
App 1444445 output: vug/csc/19/3404
App 1444445 output: vug/csc/18/2730
App 1444445 output: vug/csc/18/2730
App 1444445 output: vug/csc/18/2730
App 1444445 output: vug/csc/17/2335
App 1444445 output: vug/csc/17/2335
App 1444445 output: vug/csc/17/2307
App 1444445 output: vug/csc/17/2335
App 1444445 output: vug/csc/17/2307
App 1444445 output: vug/csc/17/2335
App 1444445 output: vug/csc/17/2307
App 1444445 output: vug/csc/17/2335
App 1444445 output: vug/csc/17/2335
App 1444445 output: vug/csc/17/2307
App 1444445 output: comfy
App 1444445 output: vug/csc/20/3967
App 1444445 output: vug/csc/20/3866
App 1444445 output: vug/csc/19/3574
App 1444445 output: vug/csc/19/3574
App 1444445 output: vug/csc/19/3554
App 1444445 output: vug/csc/18/2815
App 1444445 output: vug/csc/19/3691
App 1444445 output: vug/csc/19/3691
App 1444445 output: vug/csc/19/3691
App 1444445 output: vug/csc/19/3691
App 1444445 output: vug/csc/19/3691
App 1444445 output: vug/csc/19/3691
App 1444445 output: vug/csc/19/3691
App 1444445 output: vug/csc/19/3691
App 1444445 output: vug/csc/19/3691
App 1444445 output: vug/csc/19/3691
App 1444445 output: vug/csc/19/3691
App 1444445 output: vug/csc/19/3691
App 1444445 output: vug/csc/19/3691
App 1444445 output: vug/csc/15/1237
App 1444445 output: comfy
App 1444445 output: vug/csc/18/2773
App 1444445 output: vug/csc/18/2773
App 1444445 output: vug/csc/18/2773
App 1444445 output: vug/csc/19/3530
App 1444445 output: vug/csc/19/3530
App 1444445 output: vug/csc/18/2815
App 1444445 output: vug/csc/19/3530
App 1444445 output: vug/csc/18/2839
App 1444445 output: vug/csc/17/2204
App 1444445 output: vug/csc/16/1572
App 1444445 output: vug/csc/16/1572
App 1444445 output: vug/csc/17/2242
App 1444445 output: vug/csc/19/3650
App 1444445 output: vug/csc/19/3650
App 1444445 output: vug/csc/19/3650
App 1444445 output: vug/csc/19/3650
App 1444445 output: vug/csc/19/3650
App 1444445 output: vug/csc/19/3650
App 1444445 output: vug/csc/15/1237
App 1444445 output: vug/csc/15/1237
App 1444445 output: vug/csc/15/1237
App 1444445 output: vug/csc/15/1237
App 1444445 output: vug/csc/15/1237
App 1444445 output: vug/csc/15/1237
App 1444445 output: vug/csc/15/1237
App 1444445 output: vug/csc/15/1237
App 1444445 output: vug/csc/15/1237
App 1444445 output: vug/csc/15/1237
App 1444445 output: vug/csc/15/1237
App 1444445 output: vug/csc/15/1237
App 1444445 output: vug/csc/17/2242
App 1444445 output: vug/csc/17/2242
App 1444445 output: vug/csc/17/2242
App 1444445 output: vug/csc/17/2242
App 1444445 output: vug/csc/17/2242
App 1444445 output: vug/csc/17/2242
App 1444445 output: vug/csc/17/1983
App 1444445 output: vug/csc/17/1983
App 1444445 output: vug/csc/17/1983
App 1444445 output: vug/csc/17/1983
App 1444445 output: vug/csc/17/1983
App 1444445 output: vug/csc/18/2617
App 1444445 output: user018
App 1444445 output: vug/csc/18/2815
App 1444445 output: vug/csc/19/3389
App 1444445 output: vug/csc/19/3389
App 1444445 output: vug/csc/18/2556
App 1444445 output: vug/csc/18/2556
App 1444445 output: vug/csc/18/2556
App 1444445 output: vug/csc/18/2556
App 1444445 output: vug/csc/18/2556
App 1444445 output: vug/csc/18/2556
App 1444445 output: vug/csc/18/2556
App 1444445 output: vug/csc/18/2556
App 1444445 output: vug/csc/18/2556
App 1444445 output: vug/csc/18/2556
App 1444445 output: vug/csc/18/2556
App 1444445 output: vug/csc/17/1998
App 1444445 output: vug/csc/17/2215
App 1444445 output: vug/csc/17/2215
App 1444445 output: vug/csc/17/2215
App 1444445 output: vug/csc/17/2215
App 1444445 output: vug/csc/17/2215
App 1444445 output: vug/csc/19/3271
App 1444445 output: vug/csc/19/3271
App 1444445 output: vug/csc/19/3271
App 1444445 output: vug/csc/19/3271
App 1444445 output: vug/csc/17/2144
App 1444445 output: vug/csc/17/2144
App 1444445 output: vug/csc/17/2144
App 1444445 output: vug/csc/17/2144
App 1444445 output: vug/csc/17/2170
App 1444445 output: vug/csc/17/2170
App 1444445 output: vug/csc/17/2170
App 1444445 output: vug/csc/17/2170
App 1444445 output: vug/csc/19/3260
App 1444445 output: vug/csc/19/3260
App 1444445 output: vug/csc/20/3671
App 1444445 output: vug/csc/19/3690
App 1444445 output: vug/csc/19/3690
App 1444445 output: vug/csc/16/1707
App 1444445 output: vug/csc/16/1707
App 1444445 output: vug/csc/16/1707
App 1444445 output: vug/csc/16/1707
App 1444445 output: vug/csc/20/3883
App 1444445 output: vug/csc/20/3883
App 1444445 output: vug/csc/20/3883
App 1444445 output: vug/csc/20/3883
App 1444445 output: vug/csc/20/3883
App 1444445 output: vug/csc/20/3941
App 1444445 output: vug/csc/20/3941
App 1444445 output: vug/csc/20/3941
App 1444445 output: vug/csc/20/3941
App 1444445 output: vug/csc/20/3941
App 1444445 output: vug/csc/19/3216
App 1444445 output: vug/csc/19/3216
App 1444445 output: vug/csc/19/3216
App 1444445 output: vug/csc/19/3216
App 1444445 output: vug/csc/19/3173
App 1444445 output: vug/csc/19/3173
App 1444445 output: vug/csc/19/3173
App 1444445 output: vug/csc/19/3173
App 1444445 output: vug/csc/19/3173
App 1444445 output: user018
App 1444445 output: vug/csc/19/3173
App 1444445 output: vug/csc/18/2632
App 1444445 output: vug/csc/18/2632
App 1444445 output: vug/csc/17/2169
App 1444445 output: vug/csc/17/2169
App 1444445 output: vug/csc/17/2169
App 1444445 output: vug/csc/20/4129
App 1444445 output: vug/csc/17/2169
App 1444445 output: vug/csc/17/2169
App 1444445 output: vug/csc/17/2169
App 1444445 output: vug/csc/17/2169
App 1444445 output: vug/csc/17/2169
App 1444445 output: vug/csc/17/2169
App 1444445 output: vug/csc/17/2169
App 1444445 output: vug/csc/17/2169
App 1444445 output: vug/csc/17/2169
App 1444445 output: vug/csc/18/2087
App 1444445 output: vug/csc/18/2087
App 1444445 output: vug/csc/18/2087
App 1444445 output: vug/csc/18/2087
App 1444445 output: vug/csc/18/2087
App 1444445 output: vug/csc/18/2087
App 1444445 output: vug/csc/18/2087
App 1444445 output: vug/csc/18/2087
App 1444445 output: vug/csc/18/2087
App 1444445 output: vug/csc/18/2544
App 1444445 output: vug/csc/18/2544
App 1444445 output: vug/csc/18/2544
App 1444445 output: vug/csc/18/2544
App 1444445 output: vug/csc/18/2544
App 1444445 output: vug/csc/18/2556
App 1444445 output: vug/csc/18/2556
App 1444445 output: vug/csc/18/2087
App 1444445 output: vug/csc/18/2087
App 1444445 output: vug/csc/18/2087
App 1444445 output: vug/csc/18/2087
App 1444445 output: vug/csc/18/2087
App 1444445 output: vug/csc/18/2087
App 1444445 output: vug/csc/18/2087
App 1444445 output: vug/csc/18/2087
App 1444445 output: vug/csc/18/2087
App 1444445 output: vug/csc/19/3331
App 1444445 output: vug/csc/19/3331
App 1444445 output: vug/csc/19/3331
App 1444445 output: vug/csc/19/3331
App 1444445 output: vug/csc/19/3331
App 1444445 output: vug/csc/19/3331
App 1444445 output: vug/csc/19/3331
App 1444445 output: vug/csc/20/3932
App 1444445 output: vug/csc/18/2839
App 1444445 output: vug/csc/20/4023
App 1444445 output: vug/csc/18/2839
App 1444445 output: vug/csc/20/4023
App 1444445 output: vug/csc/18/2839
App 1444445 output: vug/csc/20/4023
App 1444445 output: vug/csc/20/4023
App 1444445 output: vug/csc/20/4023
App 1444445 output: vug/csc/20/4023
App 1444445 output: vug/csc/20/4023
App 1444445 output: vug/csc/20/4023
App 1444445 output: vug/csc/20/4023
App 1444445 output: vug/csc/19/3711
App 1444445 output: vug/csc/18/2815
App 1444445 output: vug/csc/18/2584
App 1444445 output: vug/csc/18/2558
App 1444445 output: vug/csc/18/2584
App 1444445 output: vug/csc/18/2558
App 1444445 output: vug/csc/18/2584
App 1444445 output: vug/csc/18/2558
App 1444445 output: vug/csc/18/2558
App 1444445 output: vug/csc/18/2584
App 1444445 output: vug/csc/18/2584
App 1444445 output: vug/csc/18/2584
App 1444445 output: vug/csc/18/2584
App 1444445 output: vug/csc/18/2584
App 1444445 output: vug/csc/18/2584
App 1444445 output: vug/csc/18/2584
App 1444445 output: vug/csc/18/2886
App 1444445 output: vug/csc/18/2584
App 1444445 output: vug/csc/18/2584
App 1444445 output: vug/csc/18/2739
App 1444445 output: vug/csc/18/2584
App 1444445 output: vug/csc/18/2739
App 1444445 output: vug/csc/18/2584
App 1444445 output: vug/csc/18/2739
App 1444445 output: vug/csc/18/2584
App 1444445 output: vug/csc/18/2584
App 1444445 output: vug/csc/19/3724
App 1444445 output: vug/csc/19/3572
App 1444445 output: vug/csc/18/2886
App 1444445 output: vug/csc/19/3361
App 1444445 output: vug/csc/19/3361
App 1444445 output: vug/csc/19/3361
App 1444445 output: vug/csc/20/3980
App 1444445 output: vug/csc/18/2801
App 1444445 output: vug/csc/18/2740
App 1444445 output: vug/csc/18/2969
App 1444445 output: vug/csc/19/3564
App 1444445 output: vug/csc/19/3350
App 1444445 output: vug/csc/18/2659
App 1444445 output: vug/csc/18/2659
App 1444445 output: vug/csc/18/2659
App 1444445 output: vug/csc/19/3822
App 1444445 output: vug/csc/18/2617
App 1444445 output: vug/csc/18/2617
App 1444445 output: vug/csc/18/2617
App 1444445 output: vug/csc/18/2617
App 1444445 output: vug/csc/18/2550
App 1444445 output: vug/csc/19/3794
App 1444445 output: vug/csc/20/3856
App 1444445 output: vug/csc/20/3856
App 1444445 output: user003
App 1444445 output: vug/csc/19/3392
App 1444445 output: vug/csc/19/3251
App 1444445 output: vug/csc/19/3251
App 1444445 output: vug/csc/19/3132
App 1444445 output: vug/csc/19/3132
App 1444445 output: user003
App 1444445 output: user003
App 1444445 output: user003
App 1444445 output: vug/csc/18/2555
App 1444445 output: vug/csc/18/2555
App 1444445 output: user022
App 1444445 output: vug/csc/20/3968
App 1444445 output: vug/csc/17/2319
App 1444445 output: vug/csc/19/3392
App 1444445 output: vug/csc/17/2043
App 1444445 output: vug/csc/17/2043
App 1444445 output: vug/csc/20/3271
App 1444445 output: vug/csc/20/3271
App 1444445 output: vug/csc/18/2739
App 1444445 output: vug/csc/19/3418
App 1444445 output: vug/csc/19/3418
App 1444445 output: vug/csc/16/1579
App 1444445 output: vug/csc/16/1579
App 1444445 output: vug/csc/19/3418
App 3714509 output: running on port 3000
App 111332 output: running on port 3000
App 2110595 output: running on port 3000
App 3170214 output: running on port 3000
App 4049469 output: running on port 3000
App 228515 output: running on port 3000
App 2544061 output: running on port 3000
App 3533677 output: running on port 3000
App 3599811 output: running on port 3000
App 4007211 output: running on port 3000
App 379764 output: running on port 3000
App 891375 output: running on port 3000
App 1002071 output: running on port 3000
App 1953865 output: running on port 3000
App 2203260 output: running on port 3000
App 485273 output: running on port 3000
App 2366088 output: running on port 3000
App 945275 output: running on port 3000
App 1408914 output: running on port 3000
App 1613916 output: running on port 3000
App 1809739 output: running on port 3000
App 202927 output: running on port 3000
App 493702 output: running on port 3000
App 770325 output: running on port 3000
App 953728 output: running on port 3000
App 1134292 output: running on port 3000
App 1784634 output: running on port 3000
App 1808459 output: running on port 3000
App 2027748 output: running on port 3000
App 3145453 output: running on port 3000
App 3234344 output: running on port 3000
App 4084990 output: running on port 3000
App 1691886 output: running on port 3000
App 1990664 output: running on port 3000
App 3820574 output: running on port 3000
App 254282 output: running on port 3000
App 1166664 output: running on port 3000
App 3747707 output: running on port 3000
App 432137 output: running on port 3000
App 671251 output: running on port 3000
App 1111368 output: running on port 3000
App 1727717 output: running on port 3000
App 2477035 output: running on port 3000
App 406353 output: running on port 3000
App 777674 output: running on port 3000
App 3584923 output: running on port 3000
App 43455 output: running on port 3000
App 74399 output: running on port 3000
App 1272005 output: running on port 3000
App 1808965 output: running on port 3000
App 2180328 output: running on port 3000
App 3723534 output: running on port 3000
App 399944 output: running on port 3000
App 846335 output: running on port 3000
App 4078444 output: running on port 3000
App 770475 output: running on port 3000
App 1225661 output: running on port 3000
App 3637242 output: running on port 3000
App 837547 output: running on port 3000
App 3529788 output: running on port 3000
App 369453 output: running on port 3000
App 214069 output: running on port 3000
App 808659 output: running on port 3000
App 3944123 output: running on port 3000
App 2888420 output: running on port 3000
App 4110165 output: running on port 3000
App 470644 output: running on port 3000
App 1480934 output: running on port 3000
App 1709964 output: running on port 3000
App 2775084 output: running on port 3000
App 261246 output: running on port 3000
App 1908609 output: running on port 3000
App 3124797 output: running on port 3000
App 3700666 output: running on port 3000
App 174034 output: running on port 3000
App 866833 output: running on port 3000
App 1850016 output: running on port 3000
App 885624 output: running on port 3000
App 1845620 output: running on port 3000
App 563737 output: running on port 3000
App 1171033 output: running on port 3000
App 3503851 output: running on port 3000
App 3686452 output: running on port 3000
App 1393103 output: running on port 3000
App 1700523 output: running on port 3000
App 3089931 output: running on port 3000
App 3747279 output: running on port 3000
App 552688 output: running on port 3000
App 594763 output: running on port 3000
App 761081 output: running on port 3000
App 1163368 output: running on port 3000
App 2408307 output: running on port 3000
App 969422 output: running on port 3000
App 1237976 output: running on port 3000
App 3618098 output: running on port 3000
App 3683977 output: running on port 3000
App 4145724 output: running on port 3000
App 95864 output: running on port 3000
App 681493 output: running on port 3000
App 910592 output: running on port 3000
App 1727187 output: running on port 3000
App 3044078 output: running on port 3000
App 1374000 output: running on port 3000
App 2798055 output: running on port 3000
App 3046179 output: running on port 3000
App 580261 output: running on port 3000
App 883576 output: running on port 3000
App 2003139 output: running on port 3000
App 505945 output: running on port 3000
App 3328796 output: running on port 3000
App 856362 output: running on port 3000
App 1053051 output: running on port 3000
App 2049801 output: running on port 3000
App 2051218 output: running on port 3000
App 2051872 output: running on port 3000
App 2052494 output: running on port 3000
App 2052958 output: running on port 3000
App 2053531 output: running on port 3000
App 2053993 output: running on port 3000
App 2112286 output: running on port 3000
App 2379278 output: running on port 3000
App 2506870 output: running on port 3000
App 2507486 output: running on port 3000
App 2508466 output: running on port 3000
App 2509254 output: running on port 3000
App 2509774 output: running on port 3000
App 2510241 output: running on port 3000
App 2510826 output: running on port 3000
App 2511349 output: running on port 3000
App 2511611 output: running on port 3000
App 3569875 output: running on port 3000
App 4192630 output: running on port 3000
App 210419 output: running on port 3000
App 352266 output: running on port 3000
App 1116639 output: running on port 3000
App 1311739 output: running on port 3000
App 1832655 output: running on port 3000
App 2982601 output: running on port 3000
App 3270788 output: running on port 3000
App 641771 output: running on port 3000
App 2949599 output: running on port 3000
App 3382242 output: running on port 3000
App 4053576 output: running on port 3000
App 957033 output: running on port 3000
App 2728303 output: running on port 3000
App 3683058 output: running on port 3000
App 4039744 output: running on port 3000
App 260691 output: running on port 3000
App 1734082 output: running on port 3000
App 1777810 output: running on port 3000
App 2691925 output: running on port 3000
App 2922227 output: running on port 3000
App 3885117 output: running on port 3000
App 4064245 output: running on port 3000
App 646963 output: running on port 3000
App 981382 output: running on port 3000
App 1268731 output: running on port 3000
App 221171 output: running on port 3000
App 471540 output: running on port 3000
App 957157 output: running on port 3000
App 959293 output: running on port 3000
App 1012481 output: running on port 3000
App 1680995 output: running on port 3000
App 3874860 output: running on port 3000
App 1676061 output: running on port 3000
App 2462768 output: running on port 3000
App 3446329 output: running on port 3000
App 3538928 output: running on port 3000
App 3883095 output: running on port 3000
App 171141 output: running on port 3000
App 309885 output: running on port 3000
App 593399 output: running on port 3000
App 700879 output: running on port 3000
App 1621627 output: running on port 3000
App 2167897 output: running on port 3000
App 2598551 output: running on port 3000
App 3103650 output: running on port 3000
App 4082579 output: running on port 3000
App 610235 output: running on port 3000
App 1447164 output: running on port 3000
App 2364352 output: running on port 3000
App 2469547 output: running on port 3000
App 3547024 output: running on port 3000
App 3990060 output: running on port 3000
App 4099948 output: running on port 3000
App 1728023 output: running on port 3000
App 2691979 output: running on port 3000
App 3130657 output: running on port 3000
App 39334 output: running on port 3000
App 1130517 output: running on port 3000
App 117668 output: running on port 3000
App 2717710 output: running on port 3000
App 3605931 output: running on port 3000
App 43463 output: running on port 3000
App 2366317 output: running on port 3000
App 3251565 output: running on port 3000
App 565242 output: running on port 3000
App 262370 output: running on port 3000
App 1350689 output: running on port 3000
App 20562 output: running on port 3000
App 1521536 output: running on port 3000
App 2875913 output: running on port 3000
App 17869 output: running on port 3000
App 73806 output: running on port 3000
App 270849 output: running on port 3000
App 392968 output: running on port 3000
App 516551 output: running on port 3000
App 541097 output: running on port 3000
App 594638 output: running on port 3000
App 805497 output: running on port 3000
App 92035 output: running on port 3000
App 446523 output: running on port 3000
App 1542698 output: running on port 3000
App 57345 output: running on port 3000
App 67235 output: running on port 3000
App 870249 output: running on port 3000
App 1591680 output: running on port 3000
App 1660267 output: running on port 3000
App 1928243 output: running on port 3000
App 2012018 output: running on port 3000
App 2239777 output: running on port 3000
App 2458425 output: running on port 3000
App 2736317 output: running on port 3000
App 3209745 output: running on port 3000
App 4019779 output: running on port 3000
App 76705 output: running on port 3000
App 957551 output: running on port 3000
App 1742541 output: running on port 3000
App 3144191 output: running on port 3000
App 181797 output: running on port 3000
App 1718848 output: running on port 3000
App 3357470 output: running on port 3000
App 3888088 output: running on port 3000
App 4002503 output: running on port 3000
App 4190910 output: running on port 3000
App 350051 output: running on port 3000
App 272444 output: running on port 3000
App 343167 output: running on port 3000
App 398323 output: running on port 3000
App 424497 output: running on port 3000
App 528846 output: running on port 3000
App 600072 output: running on port 3000
App 651948 output: running on port 3000
App 780958 output: running on port 3000
App 879004 output: running on port 3000
App 1044025 output: running on port 3000
App 1288171 output: running on port 3000
App 1718894 output: running on port 3000
App 1754232 output: running on port 3000
App 1777819 output: running on port 3000
App 1998529 output: running on port 3000
App 2013979 output: running on port 3000
App 2084148 output: running on port 3000
App 2166922 output: running on port 3000
App 2237410 output: running on port 3000
App 2307588 output: running on port 3000
App 2392547 output: running on port 3000
App 2678663 output: running on port 3000
App 58954 output: running on port 3000
App 146081 output: running on port 3000
App 153936 output: running on port 3000
App 391612 output: running on port 3000
App 9871 output: running on port 3000
App 30458 output: running on port 3000
App 17838 output: running on port 3000
App 12025 output: running on port 3000
App 4812 output: running on port 3000
App 15940 output: running on port 3000
